<?xml version="1.0" encoding="UTF-8"?>
<testng-results skipped="2" failed="0" total="2" passed="0">
  <reporter-output>
  </reporter-output>
  <suite name="Default suite" duration-ms="32" started-at="2019-08-30T09:23:31Z" finished-at="2019-08-30T09:23:31Z">
    <groups>
    </groups>
    <test name="Default test" duration-ms="32" started-at="2019-08-30T09:23:31Z" finished-at="2019-08-30T09:23:31Z">
      <class name="com.MavenTestngLog4j.MavenLog4JXML">
        <test-method status="FAIL" signature="openBrowser()[pri:0, instance:com.MavenTestngLog4j.MavenLog4JXML@6be46e8f]" name="openBrowser" is-config="true" duration-ms="0" started-at="2019-08-30T14:53:31Z" finished-at="2019-08-30T14:53:31Z">
          <exception class="java.lang.IllegalStateException">
            <message>
              <![CDATA[The path to the driver executable must be set by the webdriver.chrome.driver system property; for more information, see https://github.com/SeleniumHQ/selenium/wiki/ChromeDriver. The latest version can be downloaded from http://chromedriver.storage.googleapis.com/index.html]]>
            </message>
            <full-stacktrace>
              <![CDATA[java.lang.IllegalStateException: The path to the driver executable must be set by the webdriver.chrome.driver system property; for more information, see https://github.com/SeleniumHQ/selenium/wiki/ChromeDriver. The latest version can be downloaded from http://chromedriver.storage.googleapis.com/index.html
	at com.google.common.base.Preconditions.checkState(Preconditions.java:847)
	at org.openqa.selenium.remote.service.DriverService.findExecutable(DriverService.java:134)
	at org.openqa.selenium.chrome.ChromeDriverService.access$000(ChromeDriverService.java:35)
	at org.openqa.selenium.chrome.ChromeDriverService$Builder.findDefaultExecutable(ChromeDriverService.java:159)
	at org.openqa.selenium.remote.service.DriverService$Builder.build(DriverService.java:355)
	at org.openqa.selenium.chrome.ChromeDriverService.createDefaultService(ChromeDriverService.java:94)
	at org.openqa.selenium.chrome.ChromeDriver.<init>(ChromeDriver.java:123)
	at com.MavenTestngLog4j.MavenLog4JXML.openBrowser(MavenLog4JXML.java:101)
	at sun.reflect.NativeMethodAccessorImpl.invoke0(Native Method)
	at sun.reflect.NativeMethodAccessorImpl.invoke(NativeMethodAccessorImpl.java:62)
	at sun.reflect.DelegatingMethodAccessorImpl.invoke(DelegatingMethodAccessorImpl.java:43)
	at java.lang.reflect.Method.invoke(Method.java:498)
	at org.testng.internal.MethodInvocationHelper.invokeMethod(MethodInvocationHelper.java:86)
	at org.testng.internal.Invoker.invokeConfigurationMethod(Invoker.java:514)
	at org.testng.internal.Invoker.invokeConfigurations(Invoker.java:215)
	at org.testng.internal.Invoker.invokeConfigurations(Invoker.java:142)
	at org.testng.SuiteRunner.privateRun(SuiteRunner.java:305)
	at org.testng.SuiteRunner.run(SuiteRunner.java:268)
	at org.testng.SuiteRunnerWorker.runSuite(SuiteRunnerWorker.java:52)
	at org.testng.SuiteRunnerWorker.run(SuiteRunnerWorker.java:86)
	at org.testng.TestNG.runSuitesSequentially(TestNG.java:1244)
	at org.testng.TestNG.runSuitesLocally(TestNG.java:1169)
	at org.testng.TestNG.run(TestNG.java:1064)
	at org.testng.remote.RemoteTestNG.run(RemoteTestNG.java:113)
	at org.testng.remote.RemoteTestNG.initAndRun(RemoteTestNG.java:206)
	at org.testng.remote.RemoteTestNG.main(RemoteTestNG.java:177)
]]>
            </full-stacktrace>
          </exception> <!-- java.lang.IllegalStateException -->
          <reporter-output>
          </reporter-output>
        </test-method> <!-- openBrowser -->
        <test-method status="SKIP" signature="enterUrl()[pri:0, instance:com.MavenTestngLog4j.MavenLog4JXML@6be46e8f]" name="enterUrl" is-config="true" duration-ms="0" started-at="2019-08-30T14:53:31Z" finished-at="2019-08-30T14:53:31Z">
          <reporter-output>
          </reporter-output>
        </test-method> <!-- enterUrl -->
        <test-method status="SKIP" signature="maximizeWindow()[pri:0, instance:com.MavenTestngLog4j.MavenLog4JXML@6be46e8f]" name="maximizeWindow" is-config="true" duration-ms="0" started-at="2019-08-30T14:53:31Z" finished-at="2019-08-30T14:53:31Z">
          <reporter-output>
          </reporter-output>
        </test-method> <!-- maximizeWindow -->
        <test-method status="SKIP" signature="beforeMethod()[pri:0, instance:com.MavenTestngLog4j.MavenLog4JXML@6be46e8f]" name="beforeMethod" is-config="true" duration-ms="0" started-at="2019-08-30T14:53:31Z" finished-at="2019-08-30T14:53:31Z">
          <reporter-output>
          </reporter-output>
        </test-method> <!-- beforeMethod -->
        <test-method status="SKIP" signature="loginWithInvalidDetails()[pri:0, instance:com.MavenTestngLog4j.MavenLog4JXML@6be46e8f]" name="loginWithInvalidDetails" duration-ms="1" started-at="2019-08-30T14:53:31Z" finished-at="2019-08-30T14:53:31Z">
          <reporter-output>
          </reporter-output>
        </test-method> <!-- loginWithInvalidDetails -->
        <test-method status="SKIP" signature="afterMethod()[pri:0, instance:com.MavenTestngLog4j.MavenLog4JXML@6be46e8f]" name="afterMethod" is-config="true" duration-ms="0" started-at="2019-08-30T14:53:31Z" finished-at="2019-08-30T14:53:31Z">
          <reporter-output>
          </reporter-output>
        </test-method> <!-- afterMethod -->
        <test-method status="SKIP" signature="beforeMethod()[pri:0, instance:com.MavenTestngLog4j.MavenLog4JXML@6be46e8f]" name="beforeMethod" is-config="true" duration-ms="0" started-at="2019-08-30T14:53:31Z" finished-at="2019-08-30T14:53:31Z">
          <reporter-output>
          </reporter-output>
        </test-method> <!-- beforeMethod -->
        <test-method status="SKIP" signature="loginWithValidDetails()[pri:0, instance:com.MavenTestngLog4j.MavenLog4JXML@6be46e8f]" name="loginWithValidDetails" duration-ms="1" started-at="2019-08-30T14:53:31Z" finished-at="2019-08-30T14:53:31Z">
          <reporter-output>
          </reporter-output>
        </test-method> <!-- loginWithValidDetails -->
        <test-method status="SKIP" signature="afterMethod()[pri:0, instance:com.MavenTestngLog4j.MavenLog4JXML@6be46e8f]" name="afterMethod" is-config="true" duration-ms="0" started-at="2019-08-30T14:53:31Z" finished-at="2019-08-30T14:53:31Z">
          <reporter-output>
          </reporter-output>
        </test-method> <!-- afterMethod -->
        <test-method status="SKIP" signature="afterClass()[pri:0, instance:com.MavenTestngLog4j.MavenLog4JXML@6be46e8f]" name="afterClass" is-config="true" duration-ms="0" started-at="2019-08-30T14:53:31Z" finished-at="2019-08-30T14:53:31Z">
          <reporter-output>
          </reporter-output>
        </test-method> <!-- afterClass -->
        <test-method status="SKIP" signature="closeBrowser()[pri:0, instance:com.MavenTestngLog4j.MavenLog4JXML@6be46e8f]" name="closeBrowser" is-config="true" duration-ms="0" started-at="2019-08-30T14:53:31Z" finished-at="2019-08-30T14:53:31Z">
          <reporter-output>
          </reporter-output>
        </test-method> <!-- closeBrowser -->
        <test-method status="SKIP" signature="afterSuite()[pri:0, instance:com.MavenTestngLog4j.MavenLog4JXML@6be46e8f]" name="afterSuite" is-config="true" duration-ms="0" started-at="2019-08-30T14:53:31Z" finished-at="2019-08-30T14:53:31Z">
          <reporter-output>
          </reporter-output>
        </test-method> <!-- afterSuite -->
      </class> <!-- com.MavenTestngLog4j.MavenLog4JXML -->
    </test> <!-- Default test -->
  </suite> <!-- Default suite -->
</testng-results>
